# JRE version: Java(TM) SE Runtime Environment (8.0_202-b08) (build 1.8.0_202-b08)
# Java VM: Java HotSpot(TM) 64-Bit Server VM (25.202-b08 mixed mode windows-amd64 compressed oops)
Heap:
 PSYoungGen      total 193024K, used 112523K [0x00000000d6180000, 0x00000000e7e80000, 0x0000000100000000)
  eden space 177664K, 63% used [0x00000000d6180000,0x00000000dcf62db0,0x00000000e0f00000)
  from space 15360K, 0% used [0x00000000e6f80000,0x00000000e6f80000,0x00000000e7e80000)
  to   space 16896K, 0% used [0x00000000e5d80000,0x00000000e5d80000,0x00000000e6e00000)
 ParOldGen       total 136192K, used 36652K [0x0000000082400000, 0x000000008a900000, 0x00000000d6180000)
  object space 136192K, 26% used [0x0000000082400000,0x00000000847cb240,0x000000008a900000)
 Metaspace       used 46453K, capacity 48198K, committed 48384K, reserved 1091584K
  class space    used 5895K, capacity 6304K, committed 6400K, reserved 1048576K
GC Heap History (10 events):
Event: 3.000 GC heap before
{Heap before GC invocations=6 (full 0):
 PSYoungGen      total 70656K, used 70624K [0x00000000d6180000, 0x00000000dfb80000, 0x0000000100000000)
  eden space 65536K, 100% used [0x00000000d6180000,0x00000000da180000,0x00000000da180000)
  from space 5120K, 99% used [0x00000000da180000,0x00000000da678020,0x00000000da680000)
  to   space 13312K, 0% used [0x00000000dee80000,0x00000000dee80000,0x00000000dfb80000)
 ParOldGen       total 86016K, used 16641K [0x0000000082400000, 0x0000000087800000, 0x00000000d6180000)
  object space 86016K, 19% used [0x0000000082400000,0x0000000083440420,0x0000000087800000)
 Metaspace       used 17445K, capacity 17810K, committed 18176K, reserved 1064960K
  class space    used 2037K, capacity 2189K, committed 2304K, reserved 1048576K
Event: 3.014 GC heap after
Heap after GC invocations=6 (full 0):
 PSYoungGen      total 143872K, used 10169K [0x00000000d6180000, 0x00000000dfc80000, 0x0000000100000000)
  eden space 130560K, 0% used [0x00000000d6180000,0x00000000d6180000,0x00000000de100000)
  from space 13312K, 76% used [0x00000000dee80000,0x00000000df86e5b0,0x00000000dfb80000)
  to   space 13824K, 0% used [0x00000000de100000,0x00000000de100000,0x00000000dee80000)
 ParOldGen       total 86016K, used 16649K [0x0000000082400000, 0x0000000087800000, 0x00000000d6180000)
  object space 86016K, 19% used [0x0000000082400000,0x0000000083442420,0x0000000087800000)
 Metaspace       used 17445K, capacity 17810K, committed 18176K, reserved 1064960K
  class space    used 2037K, capacity 2189K, committed 2304K, reserved 1048576K
}
Event: 3.764 GC heap before
{Heap before GC invocations=7 (full 0):
 PSYoungGen      total 143872K, used 89138K [0x00000000d6180000, 0x00000000dfc80000, 0x0000000100000000)
  eden space 130560K, 60% used [0x00000000d6180000,0x00000000dae9e270,0x00000000de100000)
  from space 13312K, 76% used [0x00000000dee80000,0x00000000df86e5b0,0x00000000dfb80000)
  to   space 13824K, 0% used [0x00000000de100000,0x00000000de100000,0x00000000dee80000)
 ParOldGen       total 86016K, used 16649K [0x0000000082400000, 0x0000000087800000, 0x00000000d6180000)
  object space 86016K, 19% used [0x0000000082400000,0x0000000083442420,0x0000000087800000)
 Metaspace       used 20558K, capacity 21184K, committed 21296K, reserved 1069056K
  class space    used 2430K, capacity 2662K, committed 2688K, reserved 1048576K
Event: 3.783 GC heap after
Heap after GC invocations=7 (full 0):
 PSYoungGen      total 144384K, used 13079K [0x00000000d6180000, 0x00000000e7e80000, 0x0000000100000000)
  eden space 130560K, 0% used [0x00000000d6180000,0x00000000d6180000,0x00000000de100000)
  from space 13824K, 94% used [0x00000000de100000,0x00000000dedc5f78,0x00000000dee80000)
  to   space 15360K, 0% used [0x00000000e6f80000,0x00000000e6f80000,0x00000000e7e80000)
 ParOldGen       total 86016K, used 18335K [0x0000000082400000, 0x0000000087800000, 0x00000000d6180000)
  object space 86016K, 21% used [0x0000000082400000,0x00000000835e7cf0,0x0000000087800000)
 Metaspace       used 20558K, capacity 21184K, committed 21296K, reserved 1069056K
  class space    used 2430K, capacity 2662K, committed 2688K, reserved 1048576K
}
Event: 3.783 GC heap before
{Heap before GC invocations=8 (full 1):
 PSYoungGen      total 144384K, used 13079K [0x00000000d6180000, 0x00000000e7e80000, 0x0000000100000000)
  eden space 130560K, 0% used [0x00000000d6180000,0x00000000d6180000,0x00000000de100000)
  from space 13824K, 94% used [0x00000000de100000,0x00000000dedc5f78,0x00000000dee80000)
  to   space 15360K, 0% used [0x00000000e6f80000,0x00000000e6f80000,0x00000000e7e80000)
 ParOldGen       total 86016K, used 18335K [0x0000000082400000, 0x0000000087800000, 0x00000000d6180000)
  object space 86016K, 21% used [0x0000000082400000,0x00000000835e7cf0,0x0000000087800000)
 Metaspace       used 20558K, capacity 21184K, committed 21296K, reserved 1069056K
  class space    used 2430K, capacity 2662K, committed 2688K, reserved 1048576K
Event: 3.912 GC heap after
Heap after GC invocations=8 (full 1):
 PSYoungGen      total 144384K, used 0K [0x00000000d6180000, 0x00000000e7e80000, 0x0000000100000000)
  eden space 130560K, 0% used [0x00000000d6180000,0x00000000d6180000,0x00000000de100000)
  from space 13824K, 0% used [0x00000000de100000,0x00000000de100000,0x00000000dee80000)
  to   space 15360K, 0% used [0x00000000e6f80000,0x00000000e6f80000,0x00000000e7e80000)
 ParOldGen       total 86528K, used 25186K [0x0000000082400000, 0x0000000087880000, 0x00000000d6180000)
  object space 86528K, 29% used [0x0000000082400000,0x0000000083c98868,0x0000000087880000)
 Metaspace       used 20558K, capacity 21184K, committed 21296K, reserved 1069056K
  class space    used 2430K, capacity 2662K, committed 2688K, reserved 1048576K
}
Event: 4.893 GC heap before
{Heap before GC invocations=9 (full 1):
 PSYoungGen      total 144384K, used 116343K [0x00000000d6180000, 0x00000000e7e80000, 0x0000000100000000)
  eden space 130560K, 89% used [0x00000000d6180000,0x00000000dd31dec0,0x00000000de100000)
  from space 13824K, 0% used [0x00000000de100000,0x00000000de100000,0x00000000dee80000)
  to   space 15360K, 0% used [0x00000000e6f80000,0x00000000e6f80000,0x00000000e7e80000)
 ParOldGen       total 86528K, used 25186K [0x0000000082400000, 0x0000000087880000, 0x00000000d6180000)
  object space 86528K, 29% used [0x0000000082400000,0x0000000083c98868,0x0000000087880000)
 Metaspace       used 34321K, capacity 35268K, committed 35456K, reserved 1079296K
  class space    used 4331K, capacity 4641K, committed 4736K, reserved 1048576K
Event: 4.909 GC heap after
Heap after GC invocations=9 (full 1):
 PSYoungGen      total 193024K, used 15014K [0x00000000d6180000, 0x00000000e7e80000, 0x0000000100000000)
  eden space 177664K, 0% used [0x00000000d6180000,0x00000000d6180000,0x00000000e0f00000)
  from space 15360K, 97% used [0x00000000e6f80000,0x00000000e7e299e0,0x00000000e7e80000)
  to   space 16896K, 0% used [0x00000000e5d80000,0x00000000e5d80000,0x00000000e6e00000)
 ParOldGen       total 86528K, used 25194K [0x0000000082400000, 0x0000000087880000, 0x00000000d6180000)
  object space 86528K, 29% used [0x0000000082400000,0x0000000083c9a868,0x0000000087880000)
 Metaspace       used 34321K, capacity 35268K, committed 35456K, reserved 1079296K
  class space    used 4331K, capacity 4641K, committed 4736K, reserved 1048576K
}
Event: 4.909 GC heap before
{Heap before GC invocations=10 (full 2):
 PSYoungGen      total 193024K, used 15014K [0x00000000d6180000, 0x00000000e7e80000, 0x0000000100000000)
  eden space 177664K, 0% used [0x00000000d6180000,0x00000000d6180000,0x00000000e0f00000)
  from space 15360K, 97% used [0x00000000e6f80000,0x00000000e7e299e0,0x00000000e7e80000)
  to   space 16896K, 0% used [0x00000000e5d80000,0x00000000e5d80000,0x00000000e6e00000)
 ParOldGen       total 86528K, used 25194K [0x0000000082400000, 0x0000000087880000, 0x00000000d6180000)
  object space 86528K, 29% used [0x0000000082400000,0x0000000083c9a868,0x0000000087880000)
 Metaspace       used 34321K, capacity 35268K, committed 35456K, reserved 1079296K
  class space    used 4331K, capacity 4641K, committed 4736K, reserved 1048576K
Event: 4.976 GC heap after
Heap after GC invocations=10 (full 2):
 PSYoungGen      total 193024K, used 0K [0x00000000d6180000, 0x00000000e7e80000, 0x0000000100000000)
  eden space 177664K, 0% used [0x00000000d6180000,0x00000000d6180000,0x00000000e0f00000)
  from space 15360K, 0% used [0x00000000e6f80000,0x00000000e6f80000,0x00000000e7e80000)
  to   space 16896K, 0% used [0x00000000e5d80000,0x00000000e5d80000,0x00000000e6e00000)
 ParOldGen       total 136192K, used 36652K [0x0000000082400000, 0x000000008a900000, 0x00000000d6180000)
  object space 136192K, 26% used [0x0000000082400000,0x00000000847cb240,0x000000008a900000)
 Metaspace       used 34319K, capacity 35262K, committed 35456K, reserved 1079296K
  class space    used 4330K, capacity 4640K, committed 4736K, reserved 1048576K
}

