# JRE version: Java(TM) SE Runtime Environment (8.0_202-b08) (build 1.8.0_202-b08)
# Java VM: Java HotSpot(TM) 64-Bit Server VM (25.202-b08 mixed mode windows-amd64 compressed oops)
Heap:
 PSYoungGen      total 199680K, used 112557K [0x00000000d6180000, 0x00000000e7f80000, 0x0000000100000000)
  eden space 184320K, 61% used [0x00000000d6180000,0x00000000dcf6b6d8,0x00000000e1580000)
  from space 15360K, 0% used [0x00000000e7080000,0x00000000e7080000,0x00000000e7f80000)
  to   space 17408K, 0% used [0x00000000e5d80000,0x00000000e5d80000,0x00000000e6e80000)
 ParOldGen       total 132608K, used 36823K [0x0000000082400000, 0x000000008a580000, 0x00000000d6180000)
  object space 132608K, 27% used [0x0000000082400000,0x00000000847f5ec8,0x000000008a580000)
 Metaspace       used 46478K, capacity 48226K, committed 48384K, reserved 1091584K
  class space    used 5897K, capacity 6336K, committed 6400K, reserved 1048576K
GC Heap History (10 events):
Event: 3.109 GC heap before
{Heap before GC invocations=6 (full 0):
 PSYoungGen      total 70656K, used 70624K [0x00000000d6180000, 0x00000000dfc80000, 0x0000000100000000)
  eden space 65536K, 100% used [0x00000000d6180000,0x00000000da180000,0x00000000da180000)
  from space 5120K, 99% used [0x00000000da180000,0x00000000da678040,0x00000000da680000)
  to   space 13824K, 0% used [0x00000000def00000,0x00000000def00000,0x00000000dfc80000)
 ParOldGen       total 86016K, used 16923K [0x0000000082400000, 0x0000000087800000, 0x00000000d6180000)
  object space 86016K, 19% used [0x0000000082400000,0x0000000083486f80,0x0000000087800000)
 Metaspace       used 17466K, capacity 17810K, committed 18176K, reserved 1064960K
  class space    used 2037K, capacity 2189K, committed 2304K, reserved 1048576K
Event: 3.120 GC heap after
Heap after GC invocations=6 (full 0):
 PSYoungGen      total 144896K, used 10345K [0x00000000d6180000, 0x00000000dfc80000, 0x0000000100000000)
  eden space 131072K, 0% used [0x00000000d6180000,0x00000000d6180000,0x00000000de180000)
  from space 13824K, 74% used [0x00000000def00000,0x00000000df91a5e0,0x00000000dfc80000)
  to   space 13824K, 0% used [0x00000000de180000,0x00000000de180000,0x00000000def00000)
 ParOldGen       total 86016K, used 16931K [0x0000000082400000, 0x0000000087800000, 0x00000000d6180000)
  object space 86016K, 19% used [0x0000000082400000,0x0000000083488f80,0x0000000087800000)
 Metaspace       used 17466K, capacity 17810K, committed 18176K, reserved 1064960K
  class space    used 2037K, capacity 2189K, committed 2304K, reserved 1048576K
}
Event: 3.930 GC heap before
{Heap before GC invocations=7 (full 0):
 PSYoungGen      total 144896K, used 90022K [0x00000000d6180000, 0x00000000dfc80000, 0x0000000100000000)
  eden space 131072K, 60% used [0x00000000d6180000,0x00000000daf4f5c8,0x00000000de180000)
  from space 13824K, 74% used [0x00000000def00000,0x00000000df91a5e0,0x00000000dfc80000)
  to   space 13824K, 0% used [0x00000000de180000,0x00000000de180000,0x00000000def00000)
 ParOldGen       total 86016K, used 16931K [0x0000000082400000, 0x0000000087800000, 0x00000000d6180000)
  object space 86016K, 19% used [0x0000000082400000,0x0000000083488f80,0x0000000087800000)
 Metaspace       used 20534K, capacity 21184K, committed 21296K, reserved 1069056K
  class space    used 2427K, capacity 2662K, committed 2688K, reserved 1048576K
Event: 3.947 GC heap after
Heap after GC invocations=7 (full 0):
 PSYoungGen      total 144896K, used 13170K [0x00000000d6180000, 0x00000000e7f80000, 0x0000000100000000)
  eden space 131072K, 0% used [0x00000000d6180000,0x00000000d6180000,0x00000000de180000)
  from space 13824K, 95% used [0x00000000de180000,0x00000000dee5c9f0,0x00000000def00000)
  to   space 15360K, 0% used [0x00000000e7080000,0x00000000e7080000,0x00000000e7f80000)
 ParOldGen       total 86016K, used 18746K [0x0000000082400000, 0x0000000087800000, 0x00000000d6180000)
  object space 86016K, 21% used [0x0000000082400000,0x000000008364e850,0x0000000087800000)
 Metaspace       used 20534K, capacity 21184K, committed 21296K, reserved 1069056K
  class space    used 2427K, capacity 2662K, committed 2688K, reserved 1048576K
}
Event: 3.947 GC heap before
{Heap before GC invocations=8 (full 1):
 PSYoungGen      total 144896K, used 13170K [0x00000000d6180000, 0x00000000e7f80000, 0x0000000100000000)
  eden space 131072K, 0% used [0x00000000d6180000,0x00000000d6180000,0x00000000de180000)
  from space 13824K, 95% used [0x00000000de180000,0x00000000dee5c9f0,0x00000000def00000)
  to   space 15360K, 0% used [0x00000000e7080000,0x00000000e7080000,0x00000000e7f80000)
 ParOldGen       total 86016K, used 18746K [0x0000000082400000, 0x0000000087800000, 0x00000000d6180000)
  object space 86016K, 21% used [0x0000000082400000,0x000000008364e850,0x0000000087800000)
 Metaspace       used 20534K, capacity 21184K, committed 21296K, reserved 1069056K
  class space    used 2427K, capacity 2662K, committed 2688K, reserved 1048576K
Event: 4.045 GC heap after
Heap after GC invocations=8 (full 1):
 PSYoungGen      total 144896K, used 0K [0x00000000d6180000, 0x00000000e7f80000, 0x0000000100000000)
  eden space 131072K, 0% used [0x00000000d6180000,0x00000000d6180000,0x00000000de180000)
  from space 13824K, 0% used [0x00000000de180000,0x00000000de180000,0x00000000def00000)
  to   space 15360K, 0% used [0x00000000e7080000,0x00000000e7080000,0x00000000e7f80000)
 ParOldGen       total 84992K, used 25174K [0x0000000082400000, 0x0000000087700000, 0x00000000d6180000)
  object space 84992K, 29% used [0x0000000082400000,0x0000000083c95aa8,0x0000000087700000)
 Metaspace       used 20534K, capacity 21184K, committed 21296K, reserved 1069056K
  class space    used 2427K, capacity 2662K, committed 2688K, reserved 1048576K
}
Event: 4.964 GC heap before
{Heap before GC invocations=9 (full 1):
 PSYoungGen      total 144896K, used 119042K [0x00000000d6180000, 0x00000000e7f80000, 0x0000000100000000)
  eden space 131072K, 90% used [0x00000000d6180000,0x00000000dd5c0868,0x00000000de180000)
  from space 13824K, 0% used [0x00000000de180000,0x00000000de180000,0x00000000def00000)
  to   space 15360K, 0% used [0x00000000e7080000,0x00000000e7080000,0x00000000e7f80000)
 ParOldGen       total 84992K, used 25174K [0x0000000082400000, 0x0000000087700000, 0x00000000d6180000)
  object space 84992K, 29% used [0x0000000082400000,0x0000000083c95aa8,0x0000000087700000)
 Metaspace       used 34317K, capacity 35300K, committed 35456K, reserved 1079296K
  class space    used 4330K, capacity 4669K, committed 4736K, reserved 1048576K
Event: 4.977 GC heap after
Heap after GC invocations=9 (full 1):
 PSYoungGen      total 199680K, used 15098K [0x00000000d6180000, 0x00000000e7f80000, 0x0000000100000000)
  eden space 184320K, 0% used [0x00000000d6180000,0x00000000d6180000,0x00000000e1580000)
  from space 15360K, 98% used [0x00000000e7080000,0x00000000e7f3ead8,0x00000000e7f80000)
  to   space 17408K, 0% used [0x00000000e5d80000,0x00000000e5d80000,0x00000000e6e80000)
 ParOldGen       total 84992K, used 25182K [0x0000000082400000, 0x0000000087700000, 0x00000000d6180000)
  object space 84992K, 29% used [0x0000000082400000,0x0000000083c97aa8,0x0000000087700000)
 Metaspace       used 34317K, capacity 35300K, committed 35456K, reserved 1079296K
  class space    used 4330K, capacity 4669K, committed 4736K, reserved 1048576K
}
Event: 4.977 GC heap before
{Heap before GC invocations=10 (full 2):
 PSYoungGen      total 199680K, used 15098K [0x00000000d6180000, 0x00000000e7f80000, 0x0000000100000000)
  eden space 184320K, 0% used [0x00000000d6180000,0x00000000d6180000,0x00000000e1580000)
  from space 15360K, 98% used [0x00000000e7080000,0x00000000e7f3ead8,0x00000000e7f80000)
  to   space 17408K, 0% used [0x00000000e5d80000,0x00000000e5d80000,0x00000000e6e80000)
 ParOldGen       total 84992K, used 25182K [0x0000000082400000, 0x0000000087700000, 0x00000000d6180000)
  object space 84992K, 29% used [0x0000000082400000,0x0000000083c97aa8,0x0000000087700000)
 Metaspace       used 34317K, capacity 35300K, committed 35456K, reserved 1079296K
  class space    used 4330K, capacity 4669K, committed 4736K, reserved 1048576K
Event: 5.029 GC heap after
Heap after GC invocations=10 (full 2):
 PSYoungGen      total 199680K, used 0K [0x00000000d6180000, 0x00000000e7f80000, 0x0000000100000000)
  eden space 184320K, 0% used [0x00000000d6180000,0x00000000d6180000,0x00000000e1580000)
  from space 15360K, 0% used [0x00000000e7080000,0x00000000e7080000,0x00000000e7f80000)
  to   space 17408K, 0% used [0x00000000e5d80000,0x00000000e5d80000,0x00000000e6e80000)
 ParOldGen       total 132608K, used 36823K [0x0000000082400000, 0x000000008a580000, 0x00000000d6180000)
  object space 132608K, 27% used [0x0000000082400000,0x00000000847f5ec8,0x000000008a580000)
 Metaspace       used 34315K, capacity 35294K, committed 35456K, reserved 1079296K
  class space    used 4330K, capacity 4668K, committed 4736K, reserved 1048576K
}

